Arguments: 
  /usr/bin/node /usr/share/yarn/bin/yarn.js add prettier --dev

PATH: 
  /home/tushar55/Downloads/pycharm-community-2020.1/bin:/home/tushar55/anaconda3/bin:/home/tushar55/.local/bin:/usr/local/sbin:/usr/local/bin:/usr/sbin:/usr/bin:/sbin:/bin:/usr/games:/usr/local/games:/snap/bin

Yarn version: 
  1.22.4

Node version: 
  14.4.0

Platform: 
  linux x64

Trace: 
  Error: getaddrinfo EAI_AGAIN registry.yarnpkg.com
      at GetAddrInfoReqWrap.onlookup [as oncomplete] (dns.js:66:26)

npm manifest: 
  {
    "name": "node-express-course",
    "version": "1.0.0",
    "description": "## Description",
    "main": "server.js",
    "scripts": {
      "test": "echo \"Error: no test specified\" && exit 1",
      "start": "node server.js"
    },
    "repository": {
      "type": "git",
      "url": "git+https://github.com/tushar5526/node-express-course.git"
    },
    "keywords": [],
    "author": "",
    "license": "ISC",
    "bugs": {
      "url": "https://github.com/tushar5526/node-express-course/issues"
    },
    "homepage": "https://github.com/tushar5526/node-express-course#readme",
    "dependencies": {
      "express": "^4.17.1"
    }
  }

yarn manifest: 
  No manifest

Lockfile: 
  No lockfile
